Using pre-set license

 COMMAND LINE ARGUMENTS:
/Applications/Unity/Hub/Editor/2020.2.1f1/Unity.app/Contents/MacOS/Unity
-adb2
-batchMode
-noUpm
-name
AssetImportWorker0
-projectPath
/Users/berkekincioglu/Desktop/root/testUnity/Tutorial
-logFile
Logs/AssetImportWorker0.log
-srvPort
59014
Successfully changed project path to: /Users/berkekincioglu/Desktop/root/testUnity/Tutorial
/Users/berkekincioglu/Desktop/root/testUnity/Tutorial
Using Asset Import Pipeline V2.
Refreshing native plugins compatible for Editor in 27.53 ms, found 1 plugins.
Preloading 0 native plugins for Editor in 0.00 ms.
Initialize engine version: 2020.2.1f1 (270dd8c3da1c)
[Subsystems] Discovering subsystems at path /Applications/Unity/Hub/Editor/2020.2.1f1/Unity.app/Contents/Resources/UnitySubsystems
[Subsystems] Discovering subsystems at path /Users/berkekincioglu/Desktop/root/testUnity/Tutorial/Assets
GfxDevice: creating device client; threaded=0
2021-06-13 01:14:28.290 Unity[10737:279735] Color LCD preferred device: Intel(R) UHD Graphics 630 (low power)
2021-06-13 01:14:28.290 Unity[10737:279735] Metal devices available: 2
2021-06-13 01:14:28.290 Unity[10737:279735] 0: AMD Radeon Pro 5300M (high power)
2021-06-13 01:14:28.290 Unity[10737:279735] 1: Intel(R) UHD Graphics 630 (low power)
2021-06-13 01:14:28.290 Unity[10737:279735] Using device AMD Radeon Pro 5300M (high power)
Initializing Metal device caps: AMD Radeon Pro 5300M
Initialize mono
Mono path[0] = '/Applications/Unity/Hub/Editor/2020.2.1f1/Unity.app/Contents/Managed'
Mono path[1] = '/Applications/Unity/Hub/Editor/2020.2.1f1/Unity.app/Contents/MonoBleedingEdge/lib/mono/unityjit'
Mono config path = '/Applications/Unity/Hub/Editor/2020.2.1f1/Unity.app/Contents/MonoBleedingEdge/etc'
Using monoOptions --debugger-agent=transport=dt_socket,embedding=1,server=y,suspend=n,address=127.0.0.1:56737
Begin MonoManager ReloadAssembly
Registering precompiled unity dll's ...
Register platform support module: /Applications/Unity/Hub/Editor/2020.2.1f1/Unity.app/Contents/PlaybackEngines/MacStandaloneSupport/UnityEditor.OSXStandalone.Extensions.dll
Registered in 0.000609 seconds.
Native extension for OSXStandalone target not found
Refreshing native plugins compatible for Editor in 24.01 ms, found 1 plugins.
Preloading 0 native plugins for Editor in 0.00 ms.
Invoked RoslynAnalysisRunner static constructor.
RoslynAnalysisRunner will not be running.
RoslynAnalysisRunner has terminated.
Mono: successfully reloaded assembly
- Completed reload, in  1.787 seconds
Platform modules already initialized, skipping
Registering precompiled user dll's ...
Registered in 0.000335 seconds.
Begin MonoManager ReloadAssembly
Native extension for OSXStandalone target not found
Refreshing native plugins compatible for Editor in 0.28 ms, found 1 plugins.
Preloading 0 native plugins for Editor in 0.00 ms.
Invoked RoslynAnalysisRunner static constructor.
RoslynAnalysisRunner will not be running.
RoslynAnalysisRunner has terminated.
Mono: successfully reloaded assembly
- Completed reload, in  0.870 seconds
Platform modules already initialized, skipping
========================================================================
Worker process is ready to serve import requests
Launching external process: /Applications/Unity/Hub/Editor/2020.2.1f1/Unity.app/Contents/Tools/UnityShaderCompiler
Launched and connected shader compiler UnityShaderCompiler after 0.01 seconds
Refreshing native plugins compatible for Editor in 0.25 ms, found 1 plugins.
Preloading 0 native plugins for Editor in 0.00 ms.
Unloading 1083 Unused Serialized files (Serialized files now loaded: 0)
System memory in use before: 110.6 MB.
System memory in use after: 110.7 MB.

Unloading 9 unused Assets to reduce memory usage. Loaded Objects now: 1525.
Total: 2.273133 ms (FindLiveObjects: 0.188209 ms CreateObjectMapping: 0.056061 ms MarkObjects: 1.926852 ms  DeleteObjects: 0.100056 ms)

========================================================================
Received Import Request.
  path: Assets/2D Galaxy Assets/Game/Sprites/Power_Ups/Shield
  artifactKey: Guid(fb798e3e9a561994c8103f1958160eea) Importer(815301076,1909f56bfc062723c751e8b465ee728b)
Start importing Assets/2D Galaxy Assets/Game/Sprites/Power_Ups/Shield using Guid(fb798e3e9a561994c8103f1958160eea) Importer(815301076,1909f56bfc062723c751e8b465ee728b)  -> (artifact id: '32e412139c47781c9b69cde605e25fbc') in 0.003977 seconds
  Import took 0.006050 seconds .

========================================================================
Received Import Request.
  Time since last request: 190.405009 seconds.
  path: Assets/Prefabs/Powerups/Shield_Powerup.prefab
  artifactKey: Guid(8b6c47e7136794f17ac9ebf3c249232c) Importer(815301076,1909f56bfc062723c751e8b465ee728b)
Start importing Assets/Prefabs/Powerups/Shield_Powerup.prefab using Guid(8b6c47e7136794f17ac9ebf3c249232c) Importer(815301076,1909f56bfc062723c751e8b465ee728b)  -> (artifact id: '9101c33006bf403a08583e3be29f2341') in 0.993816 seconds
  Import took 0.996074 seconds .

========================================================================
Received Import Request.
  Time since last request: 41.902350 seconds.
  path: Assets/2D Galaxy Assets/Game/Sprites/Power_Ups/Shield/Powerup2_0008_00000.png
  artifactKey: Guid(e2f5f1638e62545a09c5d6e6d3643101) Importer(815301076,1909f56bfc062723c751e8b465ee728b)
Start importing Assets/2D Galaxy Assets/Game/Sprites/Power_Ups/Shield/Powerup2_0008_00000.png using Guid(e2f5f1638e62545a09c5d6e6d3643101) Importer(815301076,1909f56bfc062723c751e8b465ee728b)  -> (artifact id: '83e3ea38e547bb2b7bb1aaab5ad60041') in 0.845892 seconds
  Import took 0.847933 seconds .

========================================================================
Received Prepare
Registering precompiled user dll's ...
Registered in 0.000368 seconds.
Begin MonoManager ReloadAssembly
Native extension for OSXStandalone target not found
Refreshing native plugins compatible for Editor in 0.23 ms, found 1 plugins.
Preloading 0 native plugins for Editor in 0.00 ms.
Invoked RoslynAnalysisRunner static constructor.
RoslynAnalysisRunner will not be running.
RoslynAnalysisRunner has terminated.
Mono: successfully reloaded assembly
- Completed reload, in  1.192 seconds
Platform modules already initialized, skipping
Refreshing native plugins compatible for Editor in 0.21 ms, found 1 plugins.
Preloading 0 native plugins for Editor in 0.00 ms.
Unloading 1076 Unused Serialized files (Serialized files now loaded: 0)
System memory in use before: 123.4 MB.
System memory in use after: 123.5 MB.

Unloading 4 unused Assets to reduce memory usage. Loaded Objects now: 1536.
Total: 1.925178 ms (FindLiveObjects: 0.240704 ms CreateObjectMapping: 0.052213 ms MarkObjects: 1.613744 ms  DeleteObjects: 0.016815 ms)

========================================================================
Received Import Request.
  Time since last request: 211.057110 seconds.
  path: Assets/Prefabs/Powerups/Speed_Powerup.prefab
  artifactKey: Guid(2feb0aa3138a7482eaf6773cfe5f7006) Importer(815301076,1909f56bfc062723c751e8b465ee728b)
Start importing Assets/Prefabs/Powerups/Speed_Powerup.prefab using Guid(2feb0aa3138a7482eaf6773cfe5f7006) Importer(815301076,1909f56bfc062723c751e8b465ee728b)  -> (artifact id: 'a28e43b4cecd6494c7a9424ceca52b39') in 0.085041 seconds
  Import took 0.087187 seconds .

========================================================================
Received Import Request.
  Time since last request: 0.375818 seconds.
  path: Assets/Prefabs/Powerups/Shield_Powerup.prefab
  artifactKey: Guid(8b6c47e7136794f17ac9ebf3c249232c) Importer(815301076,1909f56bfc062723c751e8b465ee728b)
Start importing Assets/Prefabs/Powerups/Shield_Powerup.prefab using Guid(8b6c47e7136794f17ac9ebf3c249232c) Importer(815301076,1909f56bfc062723c751e8b465ee728b)  -> (artifact id: '29cd7c0079846ee520303ea69c7a15b5') in 0.011674 seconds
  Import took 0.013739 seconds .

========================================================================
Received Prepare
Registering precompiled user dll's ...
Registered in 0.000485 seconds.
Begin MonoManager ReloadAssembly
Native extension for OSXStandalone target not found
Refreshing native plugins compatible for Editor in 0.21 ms, found 1 plugins.
Preloading 0 native plugins for Editor in 0.00 ms.
Invoked RoslynAnalysisRunner static constructor.
RoslynAnalysisRunner will not be running.
RoslynAnalysisRunner has terminated.
Mono: successfully reloaded assembly
- Completed reload, in  0.849 seconds
Platform modules already initialized, skipping
Refreshing native plugins compatible for Editor in 0.15 ms, found 1 plugins.
Preloading 0 native plugins for Editor in 0.00 ms.
Unloading 1076 Unused Serialized files (Serialized files now loaded: 0)
System memory in use before: 123.8 MB.
System memory in use after: 123.9 MB.

Unloading 4 unused Assets to reduce memory usage. Loaded Objects now: 1539.
Total: 2.267915 ms (FindLiveObjects: 0.259635 ms CreateObjectMapping: 0.080468 ms MarkObjects: 1.905004 ms  DeleteObjects: 0.020446 ms)

========================================================================
Received Prepare
Registering precompiled user dll's ...
Registered in 0.000407 seconds.
Begin MonoManager ReloadAssembly
Native extension for OSXStandalone target not found
Refreshing native plugins compatible for Editor in 0.29 ms, found 1 plugins.
Preloading 0 native plugins for Editor in 0.00 ms.
Invoked RoslynAnalysisRunner static constructor.
RoslynAnalysisRunner will not be running.
RoslynAnalysisRunner has terminated.
Mono: successfully reloaded assembly
- Completed reload, in  0.980 seconds
Platform modules already initialized, skipping
Refreshing native plugins compatible for Editor in 0.19 ms, found 1 plugins.
Preloading 0 native plugins for Editor in 0.00 ms.
Unloading 1076 Unused Serialized files (Serialized files now loaded: 0)
System memory in use before: 124.8 MB.
System memory in use after: 124.9 MB.

Unloading 4 unused Assets to reduce memory usage. Loaded Objects now: 1541.
Total: 1.523662 ms (FindLiveObjects: 0.169798 ms CreateObjectMapping: 0.041572 ms MarkObjects: 1.298021 ms  DeleteObjects: 0.012995 ms)

========================================================================
Received Prepare
Registering precompiled user dll's ...
Registered in 0.000362 seconds.
Begin MonoManager ReloadAssembly
Native extension for OSXStandalone target not found
Refreshing native plugins compatible for Editor in 0.23 ms, found 1 plugins.
Preloading 0 native plugins for Editor in 0.00 ms.
Invoked RoslynAnalysisRunner static constructor.
RoslynAnalysisRunner will not be running.
RoslynAnalysisRunner has terminated.
Mono: successfully reloaded assembly
- Completed reload, in  1.010 seconds
Platform modules already initialized, skipping
Refreshing native plugins compatible for Editor in 0.27 ms, found 1 plugins.
Preloading 0 native plugins for Editor in 0.00 ms.
Unloading 1076 Unused Serialized files (Serialized files now loaded: 0)
System memory in use before: 125.2 MB.
System memory in use after: 125.3 MB.

Unloading 4 unused Assets to reduce memory usage. Loaded Objects now: 1543.
Total: 2.310967 ms (FindLiveObjects: 0.149573 ms CreateObjectMapping: 0.041113 ms MarkObjects: 2.095851 ms  DeleteObjects: 0.021734 ms)

========================================================================
Received Prepare
Registering precompiled user dll's ...
Registered in 0.000378 seconds.
Begin MonoManager ReloadAssembly
Native extension for OSXStandalone target not found
Refreshing native plugins compatible for Editor in 0.27 ms, found 1 plugins.
Preloading 0 native plugins for Editor in 0.00 ms.
Invoked RoslynAnalysisRunner static constructor.
RoslynAnalysisRunner will not be running.
RoslynAnalysisRunner has terminated.
Mono: successfully reloaded assembly
- Completed reload, in  1.038 seconds
Platform modules already initialized, skipping
Refreshing native plugins compatible for Editor in 0.27 ms, found 1 plugins.
Preloading 0 native plugins for Editor in 0.00 ms.
Unloading 1076 Unused Serialized files (Serialized files now loaded: 0)
System memory in use before: 125.1 MB.
System memory in use after: 125.2 MB.

Unloading 4 unused Assets to reduce memory usage. Loaded Objects now: 1545.
Total: 1.701654 ms (FindLiveObjects: 0.189779 ms CreateObjectMapping: 0.045245 ms MarkObjects: 1.449629 ms  DeleteObjects: 0.015114 ms)

========================================================================
Received Prepare
Registering precompiled user dll's ...
Registered in 0.000543 seconds.
Begin MonoManager ReloadAssembly
Native extension for OSXStandalone target not found
Refreshing native plugins compatible for Editor in 0.31 ms, found 1 plugins.
Preloading 0 native plugins for Editor in 0.00 ms.
Invoked RoslynAnalysisRunner static constructor.
RoslynAnalysisRunner will not be running.
RoslynAnalysisRunner has terminated.
Mono: successfully reloaded assembly
- Completed reload, in  1.295 seconds
Platform modules already initialized, skipping
Refreshing native plugins compatible for Editor in 0.26 ms, found 1 plugins.
Preloading 0 native plugins for Editor in 0.00 ms.
Unloading 1076 Unused Serialized files (Serialized files now loaded: 0)
System memory in use before: 125.6 MB.
System memory in use after: 125.7 MB.

Unloading 4 unused Assets to reduce memory usage. Loaded Objects now: 1547.
Total: 2.163040 ms (FindLiveObjects: 0.335970 ms CreateObjectMapping: 0.054287 ms MarkObjects: 1.752655 ms  DeleteObjects: 0.017627 ms)

========================================================================
Received Prepare
Registering precompiled user dll's ...
Registered in 0.000494 seconds.
Begin MonoManager ReloadAssembly
Native extension for OSXStandalone target not found
Refreshing native plugins compatible for Editor in 0.22 ms, found 1 plugins.
Preloading 0 native plugins for Editor in 0.00 ms.
Invoked RoslynAnalysisRunner static constructor.
RoslynAnalysisRunner will not be running.
RoslynAnalysisRunner has terminated.
Mono: successfully reloaded assembly
- Completed reload, in  0.843 seconds
Platform modules already initialized, skipping
Refreshing native plugins compatible for Editor in 0.21 ms, found 1 plugins.
Preloading 0 native plugins for Editor in 0.00 ms.
Unloading 1076 Unused Serialized files (Serialized files now loaded: 0)
System memory in use before: 125.5 MB.
System memory in use after: 125.6 MB.

Unloading 4 unused Assets to reduce memory usage. Loaded Objects now: 1549.
Total: 1.919765 ms (FindLiveObjects: 0.178566 ms CreateObjectMapping: 0.046276 ms MarkObjects: 1.677994 ms  DeleteObjects: 0.015300 ms)

========================================================================
Received Prepare
Registering precompiled user dll's ...
Registered in 0.000309 seconds.
Begin MonoManager ReloadAssembly
Native extension for OSXStandalone target not found
Refreshing native plugins compatible for Editor in 0.33 ms, found 1 plugins.
Preloading 0 native plugins for Editor in 0.00 ms.
Invoked RoslynAnalysisRunner static constructor.
RoslynAnalysisRunner will not be running.
RoslynAnalysisRunner has terminated.
Mono: successfully reloaded assembly
- Completed reload, in  1.025 seconds
Platform modules already initialized, skipping
Refreshing native plugins compatible for Editor in 0.23 ms, found 1 plugins.
Preloading 0 native plugins for Editor in 0.00 ms.
Unloading 1076 Unused Serialized files (Serialized files now loaded: 0)
System memory in use before: 126.0 MB.
System memory in use after: 126.1 MB.

Unloading 4 unused Assets to reduce memory usage. Loaded Objects now: 1551.
Total: 1.472120 ms (FindLiveObjects: 0.140459 ms CreateObjectMapping: 0.035120 ms MarkObjects: 1.277825 ms  DeleteObjects: 0.017646 ms)

========================================================================
Received Prepare
Registering precompiled user dll's ...
Registered in 0.000451 seconds.
Begin MonoManager ReloadAssembly
Native extension for OSXStandalone target not found
Refreshing native plugins compatible for Editor in 0.27 ms, found 1 plugins.
Preloading 0 native plugins for Editor in 0.00 ms.
Invoked RoslynAnalysisRunner static constructor.
RoslynAnalysisRunner will not be running.
RoslynAnalysisRunner has terminated.
Mono: successfully reloaded assembly
- Completed reload, in  0.839 seconds
Platform modules already initialized, skipping
Refreshing native plugins compatible for Editor in 0.21 ms, found 1 plugins.
Preloading 0 native plugins for Editor in 0.00 ms.
Unloading 1076 Unused Serialized files (Serialized files now loaded: 0)
System memory in use before: 125.8 MB.
System memory in use after: 125.9 MB.

Unloading 4 unused Assets to reduce memory usage. Loaded Objects now: 1553.
Total: 1.545172 ms (FindLiveObjects: 0.166657 ms CreateObjectMapping: 0.040502 ms MarkObjects: 1.320226 ms  DeleteObjects: 0.016283 ms)

========================================================================
Received Prepare
Registering precompiled user dll's ...
Registered in 0.000487 seconds.
Begin MonoManager ReloadAssembly
Native extension for OSXStandalone target not found
Refreshing native plugins compatible for Editor in 0.22 ms, found 1 plugins.
Preloading 0 native plugins for Editor in 0.00 ms.
Invoked RoslynAnalysisRunner static constructor.
RoslynAnalysisRunner will not be running.
RoslynAnalysisRunner has terminated.
Mono: successfully reloaded assembly
- Completed reload, in  0.804 seconds
Platform modules already initialized, skipping
Refreshing native plugins compatible for Editor in 0.23 ms, found 1 plugins.
Preloading 0 native plugins for Editor in 0.00 ms.
Unloading 1076 Unused Serialized files (Serialized files now loaded: 0)
System memory in use before: 126.4 MB.
System memory in use after: 126.5 MB.

Unloading 4 unused Assets to reduce memory usage. Loaded Objects now: 1555.
Total: 1.472288 ms (FindLiveObjects: 0.213399 ms CreateObjectMapping: 0.056556 ms MarkObjects: 1.176798 ms  DeleteObjects: 0.024483 ms)

========================================================================
Received Prepare
Registering precompiled user dll's ...
Registered in 0.000356 seconds.
Begin MonoManager ReloadAssembly
Native extension for OSXStandalone target not found
Refreshing native plugins compatible for Editor in 0.22 ms, found 1 plugins.
Preloading 0 native plugins for Editor in 0.00 ms.
Invoked RoslynAnalysisRunner static constructor.
RoslynAnalysisRunner will not be running.
RoslynAnalysisRunner has terminated.
Mono: successfully reloaded assembly
- Completed reload, in  0.798 seconds
Platform modules already initialized, skipping
Refreshing native plugins compatible for Editor in 0.17 ms, found 1 plugins.
Preloading 0 native plugins for Editor in 0.00 ms.
Unloading 1076 Unused Serialized files (Serialized files now loaded: 0)
System memory in use before: 126.1 MB.
System memory in use after: 126.2 MB.

Unloading 4 unused Assets to reduce memory usage. Loaded Objects now: 1557.
Total: 1.541886 ms (FindLiveObjects: 0.157544 ms CreateObjectMapping: 0.040022 ms MarkObjects: 1.328569 ms  DeleteObjects: 0.014533 ms)

========================================================================
Received Import Request.
  Time since last request: 1775.700883 seconds.
  path: Assets/Prefabs/Powerups/Shield.prefab
  artifactKey: Guid(698303e7c8e434b95ac700c9863aea16) Importer(815301076,1909f56bfc062723c751e8b465ee728b)
Start importing Assets/Prefabs/Powerups/Shield.prefab using Guid(698303e7c8e434b95ac700c9863aea16) Importer(815301076,1909f56bfc062723c751e8b465ee728b)  -> (artifact id: 'c1a9ddf2b4973adf19cf3b0408b13a65') in 0.076638 seconds
  Import took 0.079442 seconds .

========================================================================
Received Prepare
Registering precompiled user dll's ...
Registered in 0.000362 seconds.
Begin MonoManager ReloadAssembly
Native extension for OSXStandalone target not found
Refreshing native plugins compatible for Editor in 0.27 ms, found 1 plugins.
Preloading 0 native plugins for Editor in 0.00 ms.
Invoked RoslynAnalysisRunner static constructor.
RoslynAnalysisRunner will not be running.
RoslynAnalysisRunner has terminated.
Mono: successfully reloaded assembly
- Completed reload, in  1.098 seconds
Platform modules already initialized, skipping
Refreshing native plugins compatible for Editor in 0.20 ms, found 1 plugins.
Preloading 0 native plugins for Editor in 0.00 ms.
Unloading 1076 Unused Serialized files (Serialized files now loaded: 0)
System memory in use before: 126.8 MB.
System memory in use after: 126.9 MB.

Unloading 4 unused Assets to reduce memory usage. Loaded Objects now: 1560.
Total: 1.504527 ms (FindLiveObjects: 0.139347 ms CreateObjectMapping: 0.035332 ms MarkObjects: 1.314150 ms  DeleteObjects: 0.014394 ms)

========================================================================
Received Import Request.
  Time since last request: 518.221853 seconds.
  path: Assets/Animations/Shield.controller
  artifactKey: Guid(0d6e85a31b27a4f5ab8bc2aab5e0afd7) Importer(815301076,1909f56bfc062723c751e8b465ee728b)
Start importing Assets/Animations/Shield.controller using Guid(0d6e85a31b27a4f5ab8bc2aab5e0afd7) Importer(815301076,1909f56bfc062723c751e8b465ee728b)  -> (artifact id: '445cf9abfdca0d328f71956cb656f12b') in 0.377462 seconds
  Import took 0.379568 seconds .

========================================================================
Received Prepare
Registering precompiled user dll's ...
Registered in 0.001190 seconds.
Begin MonoManager ReloadAssembly
Native extension for OSXStandalone target not found
Refreshing native plugins compatible for Editor in 0.22 ms, found 1 plugins.
Preloading 0 native plugins for Editor in 0.00 ms.
Invoked RoslynAnalysisRunner static constructor.
RoslynAnalysisRunner will not be running.
RoslynAnalysisRunner has terminated.
Mono: successfully reloaded assembly
- Completed reload, in  0.826 seconds
Platform modules already initialized, skipping
Refreshing native plugins compatible for Editor in 0.21 ms, found 1 plugins.
Preloading 0 native plugins for Editor in 0.00 ms.
Unloading 1076 Unused Serialized files (Serialized files now loaded: 0)
System memory in use before: 131.8 MB.
System memory in use after: 131.9 MB.

Unloading 4 unused Assets to reduce memory usage. Loaded Objects now: 1562.
Total: 1.976555 ms (FindLiveObjects: 0.236653 ms CreateObjectMapping: 0.059306 ms MarkObjects: 1.659491 ms  DeleteObjects: 0.019076 ms)

========================================================================
Received Prepare
Registering precompiled user dll's ...
Registered in 0.000456 seconds.
Begin MonoManager ReloadAssembly
Native extension for OSXStandalone target not found
Refreshing native plugins compatible for Editor in 0.26 ms, found 1 plugins.
Preloading 0 native plugins for Editor in 0.00 ms.
Invoked RoslynAnalysisRunner static constructor.
RoslynAnalysisRunner will not be running.
RoslynAnalysisRunner has terminated.
Mono: successfully reloaded assembly
- Completed reload, in  1.177 seconds
Platform modules already initialized, skipping
Refreshing native plugins compatible for Editor in 0.19 ms, found 1 plugins.
Preloading 0 native plugins for Editor in 0.00 ms.
Unloading 1076 Unused Serialized files (Serialized files now loaded: 0)
System memory in use before: 132.4 MB.
System memory in use after: 132.5 MB.

Unloading 4 unused Assets to reduce memory usage. Loaded Objects now: 1564.
Total: 1.589039 ms (FindLiveObjects: 0.153721 ms CreateObjectMapping: 0.030414 ms MarkObjects: 1.385436 ms  DeleteObjects: 0.017714 ms)

========================================================================
Received Prepare
Registering precompiled user dll's ...
Registered in 0.000290 seconds.
Begin MonoManager ReloadAssembly
Native extension for OSXStandalone target not found
Refreshing native plugins compatible for Editor in 0.38 ms, found 1 plugins.
Preloading 0 native plugins for Editor in 0.00 ms.
Invoked RoslynAnalysisRunner static constructor.
RoslynAnalysisRunner will not be running.
RoslynAnalysisRunner has terminated.
Mono: successfully reloaded assembly
- Completed reload, in  1.261 seconds
Platform modules already initialized, skipping
Refreshing native plugins compatible for Editor in 0.24 ms, found 1 plugins.
Preloading 0 native plugins for Editor in 0.00 ms.
Unloading 1076 Unused Serialized files (Serialized files now loaded: 0)
System memory in use before: 132.6 MB.
System memory in use after: 132.7 MB.

Unloading 4 unused Assets to reduce memory usage. Loaded Objects now: 1566.
Total: 1.387223 ms (FindLiveObjects: 0.150865 ms CreateObjectMapping: 0.031936 ms MarkObjects: 1.191480 ms  DeleteObjects: 0.011873 ms)

========================================================================
Received Prepare
Registering precompiled user dll's ...
Registered in 0.000480 seconds.
Begin MonoManager ReloadAssembly
Native extension for OSXStandalone target not found
Refreshing native plugins compatible for Editor in 0.22 ms, found 1 plugins.
Preloading 0 native plugins for Editor in 0.00 ms.
Invoked RoslynAnalysisRunner static constructor.
RoslynAnalysisRunner will not be running.
RoslynAnalysisRunner has terminated.
Mono: successfully reloaded assembly
- Completed reload, in  0.840 seconds
Platform modules already initialized, skipping
Refreshing native plugins compatible for Editor in 0.18 ms, found 1 plugins.
Preloading 0 native plugins for Editor in 0.00 ms.
Unloading 1076 Unused Serialized files (Serialized files now loaded: 0)
System memory in use before: 132.7 MB.
System memory in use after: 132.8 MB.

Unloading 4 unused Assets to reduce memory usage. Loaded Objects now: 1568.
Total: 1.966241 ms (FindLiveObjects: 0.239757 ms CreateObjectMapping: 0.050321 ms MarkObjects: 1.655901 ms  DeleteObjects: 0.018827 ms)

========================================================================
Received Prepare
Registering precompiled user dll's ...
Registered in 0.000335 seconds.
Begin MonoManager ReloadAssembly
Native extension for OSXStandalone target not found
Refreshing native plugins compatible for Editor in 0.22 ms, found 1 plugins.
Preloading 0 native plugins for Editor in 0.00 ms.
Invoked RoslynAnalysisRunner static constructor.
RoslynAnalysisRunner will not be running.
RoslynAnalysisRunner has terminated.
Mono: successfully reloaded assembly
- Completed reload, in  0.776 seconds
Platform modules already initialized, skipping
Refreshing native plugins compatible for Editor in 0.25 ms, found 1 plugins.
Preloading 0 native plugins for Editor in 0.00 ms.
Unloading 1076 Unused Serialized files (Serialized files now loaded: 0)
System memory in use before: 133.1 MB.
System memory in use after: 133.2 MB.

Unloading 4 unused Assets to reduce memory usage. Loaded Objects now: 1570.
Total: 1.480147 ms (FindLiveObjects: 0.136686 ms CreateObjectMapping: 0.034611 ms MarkObjects: 1.294949 ms  DeleteObjects: 0.013066 ms)

========================================================================
Received Import Request.
  Time since last request: 277.865693 seconds.
  path: Assets/Animations/Shield_anim.anim
  artifactKey: Guid(ae90327c4459442d89b054bcfe423969) Importer(815301076,1909f56bfc062723c751e8b465ee728b)
Start importing Assets/Animations/Shield_anim.anim using Guid(ae90327c4459442d89b054bcfe423969) Importer(815301076,1909f56bfc062723c751e8b465ee728b)  -> (artifact id: 'cd6d3589982daaf1457435109b55b210') in 0.192993 seconds
  Import took 0.195053 seconds .

========================================================================
Received Prepare
Registering precompiled user dll's ...
Registered in 0.000402 seconds.
Begin MonoManager ReloadAssembly
Native extension for OSXStandalone target not found
Refreshing native plugins compatible for Editor in 0.22 ms, found 1 plugins.
Preloading 0 native plugins for Editor in 0.00 ms.
Invoked RoslynAnalysisRunner static constructor.
RoslynAnalysisRunner will not be running.
RoslynAnalysisRunner has terminated.
Mono: successfully reloaded assembly
- Completed reload, in  0.840 seconds
Platform modules already initialized, skipping
Refreshing native plugins compatible for Editor in 0.21 ms, found 1 plugins.
Preloading 0 native plugins for Editor in 0.00 ms.
Unloading 1076 Unused Serialized files (Serialized files now loaded: 0)
System memory in use before: 137.2 MB.
System memory in use after: 137.3 MB.

Unloading 4 unused Assets to reduce memory usage. Loaded Objects now: 1572.
Total: 1.629596 ms (FindLiveObjects: 0.192876 ms CreateObjectMapping: 0.040572 ms MarkObjects: 1.378922 ms  DeleteObjects: 0.015612 ms)

========================================================================
Received Prepare
Registering precompiled user dll's ...
Registered in 0.000368 seconds.
Begin MonoManager ReloadAssembly
Native extension for OSXStandalone target not found
Refreshing native plugins compatible for Editor in 0.22 ms, found 1 plugins.
Preloading 0 native plugins for Editor in 0.00 ms.
Invoked RoslynAnalysisRunner static constructor.
RoslynAnalysisRunner will not be running.
RoslynAnalysisRunner has terminated.
Mono: successfully reloaded assembly
- Completed reload, in  0.780 seconds
Platform modules already initialized, skipping
Refreshing native plugins compatible for Editor in 0.16 ms, found 1 plugins.
Preloading 0 native plugins for Editor in 0.00 ms.
Unloading 1076 Unused Serialized files (Serialized files now loaded: 0)
System memory in use before: 137.6 MB.
System memory in use after: 137.7 MB.

Unloading 4 unused Assets to reduce memory usage. Loaded Objects now: 1574.
Total: 1.577699 ms (FindLiveObjects: 0.190842 ms CreateObjectMapping: 0.042362 ms MarkObjects: 1.327611 ms  DeleteObjects: 0.015626 ms)

AssetImportWorkerClient::OnTransportError - code=2 error=End of file
